<?xml version="1.0" encoding="UTF-8"?>
<testsuite time="9.058" failures="1" tests="1" name="tests.Captures" >
  <testcase time="2.34" classname="tests.Captures" name="setup.ta" />
  <testcase time="6.647" classname="tests.Captures" name="TestTemplate.ta" >
    <failure message="Selenium test failed. Following are the name of the tests that failed:
testTest(squashTA.resources.seleniumTests.src.main.java.org.squashtest.ta.selenium.Captures.TestClass)
testTest(squashTA.resources.seleniumTests.src.main.java.org.squashtest.ta.selenium.Captures.TestClass)
" type="org.squashtest.ta.framework.exception.AssertionFailedException" >
Summary
TEST :
[SUCCESS] LOAD seleniumTests/src/main AS seleniumTestSource
[SUCCESS] CONVERT seleniumTestSource TO script.java (compile) AS seleniumTestCompiled
[SUCCESS] CONVERT seleniumTestCompiled TO script.java.selenium2 (script) USING $(squashTA.resources.seleniumTests.src.main.java.org.squashtest.ta.selenium.Captures.TestClass) AS seleniumTest
	[SUCCESS] 	$(squashTA.resources.seleniumTests.src.main.java.org.squashtest.ta.selenium.Captures.TestClass) --> {{__tempI0}}
	[SUCCESS] 	CONVERT seleniumTestCompiled TO script.java.selenium2 (script) USING {{__tempI0}} AS seleniumTest
[SUCCESS] EXECUTE execute WITH seleniumTest AS seleniumResult
[FAIL] ASSERT seleniumResult IS success
org.squashtest.ta.framework.exception.AssertionFailedException: Selenium test failed. Following are the name of the tests that failed:
testTest(squashTA.resources.seleniumTests.src.main.java.org.squashtest.ta.selenium.Captures.TestClass)
testTest(squashTA.resources.seleniumTests.src.main.java.org.squashtest.ta.selenium.Captures.TestClass)

	at org.squashtest.ta.plugin.selenium.assertions.SeleniumIsSuccess.test(SeleniumIsSuccess.java:83)
	at org.squashtest.ta.backbone.engine.wrapper.UnaryAssertionHandler.test(UnaryAssertionHandler.java:94)
	at org.squashtest.ta.backbone.engine.instructionrunner.DefaultUnaryAssertionRunner.doRun(DefaultUnaryAssertionRunner.java:86)
	at org.squashtest.ta.backbone.engine.instructionrunner.AbstractDefaultInstructionRunner.run(AbstractDefaultInstructionRunner.java:69)
	at org.squashtest.ta.backbone.engine.impl.TestRunnerImpl.runInstruction(TestRunnerImpl.java:205)
	at org.squashtest.ta.backbone.engine.impl.TestRunnerImpl.runInstructionList(TestRunnerImpl.java:150)
	at org.squashtest.ta.backbone.engine.impl.TestRunnerImpl.runPhase(TestRunnerImpl.java:138)
	at org.squashtest.ta.backbone.engine.impl.TestRunnerImpl.runTest(TestRunnerImpl.java:109)
	at org.squashtest.ta.backbone.engine.impl.EcosystemRunnerImpl.runAllTests(EcosystemRunnerImpl.java:202)
	at org.squashtest.ta.backbone.engine.impl.EcosystemRunnerImpl.run(EcosystemRunnerImpl.java:104)
	at org.squashtest.ta.backbone.engine.impl.SuiteRunnerImpl.execute(SuiteRunnerImpl.java:68)
	at org.squashtest.ta.backbone.engine.impl.EngineImpl.execute(EngineImpl.java:63)
	at org.squashtest.ta.maven.SquashTAMojo.executeImpl(SquashTAMojo.java:309)
	at org.squashtest.ta.maven.AbstractSquashTaMojo.execution(AbstractSquashTaMojo.java:98)
	at org.squashtest.ta.maven.AbstractBaseSquashTaMojo.execute(AbstractBaseSquashTaMojo.java:150)
	at org.apache.maven.plugin.DefaultBuildPluginManager.executeMojo(DefaultBuildPluginManager.java:137)
	at org.apache.maven.lifecycle.internal.MojoExecutor.execute(MojoExecutor.java:210)
	at org.apache.maven.lifecycle.internal.MojoExecutor.execute(MojoExecutor.java:156)
	at org.apache.maven.lifecycle.internal.MojoExecutor.execute(MojoExecutor.java:148)
	at org.apache.maven.lifecycle.internal.LifecycleModuleBuilder.buildProject(LifecycleModuleBuilder.java:117)
	at org.apache.maven.lifecycle.internal.LifecycleModuleBuilder.buildProject(LifecycleModuleBuilder.java:81)
	at org.apache.maven.lifecycle.internal.builder.singlethreaded.SingleThreadedBuilder.build(SingleThreadedBuilder.java:56)
	at org.apache.maven.lifecycle.internal.LifecycleStarter.execute(LifecycleStarter.java:128)
	at org.apache.maven.DefaultMaven.doExecute(DefaultMaven.java:305)
	at org.apache.maven.DefaultMaven.doExecute(DefaultMaven.java:192)
	at org.apache.maven.DefaultMaven.execute(DefaultMaven.java:105)
	at org.apache.maven.cli.MavenCli.execute(MavenCli.java:956)
	at org.apache.maven.cli.MavenCli.doMain(MavenCli.java:288)
	at org.apache.maven.cli.MavenCli.main(MavenCli.java:192)
	at sun.reflect.NativeMethodAccessorImpl.invoke0(Native Method)
	at sun.reflect.NativeMethodAccessorImpl.invoke(NativeMethodAccessorImpl.java:62)
	at sun.reflect.DelegatingMethodAccessorImpl.invoke(DelegatingMethodAccessorImpl.java:43)
	at java.lang.reflect.Method.invoke(Method.java:498)
	at org.codehaus.plexus.classworlds.launcher.Launcher.launchEnhanced(Launcher.java:282)
	at org.codehaus.plexus.classworlds.launcher.Launcher.launch(Launcher.java:225)
	at org.codehaus.plexus.classworlds.launcher.Launcher.mainWithExitCode(Launcher.java:406)
	at org.codehaus.plexus.classworlds.launcher.Launcher.main(Launcher.java:347)
	at org.codehaus.classworlds.Launcher.main(Launcher.java:47)

    </failure>
  </testcase>
  <testcase time="0.006" classname="tests.Captures" name="teardown.ta" />
</testsuite>